<?xml version="1.0" encoding="UTF-8"?>
<!-- Generated by org.testng.reporters.JUnitReportReporter -->
<testsuite hostname="DESKTOP-9HD1UFT" failures="0" tests="1" name="driverFactory.AppTest" time="18.898" errors="0" timestamp="2024-01-27T18:31:53 IST" skipped="0">
  <testcase classname="driverFactory.AppTest" name="KickStart" time="18.898"/>
</testsuite> <!-- driverFactory.AppTest -->
